\BOOKMARK [1][]{section.1}{Magna condimentum}{}
\BOOKMARK [1][]{section.2}{Morbi tincidunt lacus}{}
\BOOKMARK [2][]{subsection.2.1}{Vehicula enim}{section.2}
\BOOKMARK [3][]{subsubsection.2.1.1}{Phasellus orci quam}{subsection.2.1}
\BOOKMARK [1][]{section.3}{Fusce dignissim}{}
\BOOKMARK [2][]{subsection.3.1}{Vestibulum ante ipsum primis}{section.3}
\BOOKMARK [1][]{section*.1}{Donec purus}{}
\BOOKMARK [2][]{subsection.4.1}{Mauris sagittis}{section*.1}
\BOOKMARK [2][]{subsection.4.2}{Lacus aliquam egestas}{section*.1}
\BOOKMARK [2][]{subsection.4.3}{Inceptos lacinia tortor vit\346 pulvinar convallis}{section*.1}
\BOOKMARK [2][]{subsection.4.4}{Nunc varius}{section*.1}
\BOOKMARK [1][]{section.5}{Philosophia ei mea}{}
\BOOKMARK [2][]{section*.2}{Ius nonumy ceteros similique}{section.5}
\BOOKMARK [2][]{subsection.5.2}{Dictas euripidis cum id}{section.5}
\BOOKMARK [2][]{subsection.5.3}{Assum minim}{section.5}
\BOOKMARK [2][]{section*.3}{Postea legendos}{section.5}
\BOOKMARK [2][]{subsection.5.5}{Mauris suscipit lectus}{section.5}
\BOOKMARK [1][]{section.6}{Nostrud sed augue}{}
\BOOKMARK [2][]{subsection.6.1}{Velit in autem veniam}{section.6}
\BOOKMARK [2][]{subsection.6.2}{Te lorem blandit}{section.6}
\BOOKMARK [2][]{subsection.6.3}{Ornatus takimata}{section.6}
\BOOKMARK [2][]{subsection.6.4}{Has libris efficiendi omittantur}{section.6}
\BOOKMARK [1][]{section.7}{Consequat constituam mediocritatem}{}
\BOOKMARK [1][]{appendix.A}{Fringilla dictum hendrerit}{}
\BOOKMARK [1][]{section*.9}{Ubique nunc facilis mollis gubergren}{}
